<?xml version="1.0" encoding="UTF-8"?>
<!-- Generated by org.testng.reporters.JUnitReportReporter -->
<testsuite hostname="fv-az77-819" failures="0" tests="2" name="runner.TestRunner" time="4.720" errors="0" timestamp="2021-07-07T10:37:41 UTC" skipped="0">
  <testcase classname="runner.TestRunner" name="runScenario" time="3.853"/>
  <system-out/>
  <testcase classname="runner.TestRunner" name="runScenario" time="0.867"/>
  <system-out/>
</testsuite> <!-- runner.TestRunner -->
